<?xml version="1.0" encoding="UTF-8"?>
<testng-results ignored="0" total="1" passed="1" failed="0" skipped="0">
  <reporter-output>
  </reporter-output>
  <suite started-at="2023-03-23T17:01:39 IST" name="Default suite" finished-at="2023-03-23T17:01:53 IST" duration-ms="13853">
    <groups>
    </groups>
    <test started-at="2023-03-23T17:01:39 IST" name="Default test" finished-at="2023-03-23T17:01:53 IST" duration-ms="13853">
      <class name="PanOrbit.Assignment2.FbLogin">
        <test-method is-config="true" signature="setup()[pri:0, instance:PanOrbit.Assignment2.FbLogin@4a94ee4]" started-at="2023-03-23T17:01:39 IST" name="setup" finished-at="2023-03-23T17:01:42 IST" duration-ms="2854" status="PASS">
          <reporter-output>
          </reporter-output>
        </test-method> <!-- setup -->
        <test-method signature="Login()[pri:0, instance:PanOrbit.Assignment2.FbLogin@4a94ee4]" started-at="2023-03-23T17:01:42 IST" name="Login" finished-at="2023-03-23T17:01:53 IST" duration-ms="10634" status="PASS">
          <reporter-output>
          </reporter-output>
        </test-method> <!-- Login -->
        <test-method is-config="true" signature="exit()[pri:0, instance:PanOrbit.Assignment2.FbLogin@4a94ee4]" started-at="2023-03-23T17:01:53 IST" name="exit" finished-at="2023-03-23T17:01:53 IST" duration-ms="328" status="PASS">
          <reporter-output>
          </reporter-output>
        </test-method> <!-- exit -->
      </class> <!-- PanOrbit.Assignment2.FbLogin -->
    </test> <!-- Default test -->
  </suite> <!-- Default suite -->
</testng-results>
